#
# There is insufficient memory for the Java Runtime Environment to continue.
# Native memory allocation (malloc) failed to allocate 1755536 bytes for Chunk::new
# Possible reasons:
#   The system is out of physical RAM or swap space
#   In 32 bit mode, the process size limit was hit
# Possible solutions:
#   Reduce memory load on the system
#   Increase physical memory or swap space
#   Check if swap backing store is full
#   Use 64 bit Java on a 64 bit OS
#   Decrease Java heap size (-Xmx/-Xms)
#   Decrease number of Java threads
#   Decrease Java thread stack sizes (-Xss)
#   Set larger code cache with -XX:ReservedCodeCacheSize=
# This output file may be truncated or incomplete.
#
#  Out of Memory Error (allocation.cpp:323), pid=1196, tid=8588
#
# JRE version: Java(TM) SE Runtime Environment (7.0_79-b15) (build 1.7.0_79-b15)
# Java VM: Java HotSpot(TM) 64-Bit Server VM (24.79-b02 mixed mode windows-amd64 compressed oops)
# Failed to write core dump. Minidumps are not enabled by default on client versions of Windows
#

---------------  T H R E A D  ---------------

Current thread (0x0000000008573000):  JavaThread "C2 CompilerThread1" daemon [_thread_in_native, id=8588, stack(0x0000000009bd0000,0x0000000009cd0000)]

Stack: [0x0000000009bd0000,0x0000000009cd0000]
[error occurred during error reporting (printing stack bounds), id 0xc0000005]


Current CompileTask:
C2:  17852  707   !         com.sun.beans.TypeResolver::resolve (274 bytes)


---------------  P R O C E S S  ---------------

Java Threads: ( => current thread )
  0x000000000aab9800 JavaThread "File lock request listener" [_thread_in_native, id=1252, stack(0x000000000c770000,0x000000000c870000)]
  0x000000000a742000 JavaThread "Stdin handler" [_thread_blocked, id=7844, stack(0x000000000c670000,0x000000000c770000)]
  0x000000000a741000 JavaThread "Daemon worker" [_thread_in_Java, id=4204, stack(0x000000000c570000,0x000000000c670000)]
  0x000000000a5dd800 JavaThread "Cancel handler" [_thread_blocked, id=1440, stack(0x000000000c470000,0x000000000c570000)]
  0x000000000af3b000 JavaThread "Handler for socket connection from /127.0.0.1:57787 to /127.0.0.1:57788" [_thread_in_native, id=8932, stack(0x000000000c370000,0x000000000c470000)]
  0x000000000af3a000 JavaThread "Daemon" [_thread_blocked, id=7436, stack(0x000000000c270000,0x000000000c370000)]
  0x000000000aa13000 JavaThread "Incoming local TCP Connector on port 57787" [_thread_in_native, id=5532, stack(0x000000000c170000,0x000000000c270000)]
  0x0000000008579800 JavaThread "Service Thread" daemon [_thread_blocked, id=8652, stack(0x0000000009cd0000,0x0000000009dd0000)]
=>0x0000000008573000 JavaThread "C2 CompilerThread1" daemon [_thread_in_native, id=8588, stack(0x0000000009bd0000,0x0000000009cd0000)]
  0x000000000856d000 JavaThread "C2 CompilerThread0" daemon [_thread_in_native, id=3704, stack(0x0000000009ad0000,0x0000000009bd0000)]
  0x000000000856c000 JavaThread "Attach Listener" daemon [_thread_blocked, id=4180, stack(0x00000000099d0000,0x0000000009ad0000)]
  0x000000000202d800 JavaThread "Signal Dispatcher" daemon [_thread_blocked, id=848, stack(0x00000000098d0000,0x00000000099d0000)]
  0x0000000002019800 JavaThread "Finalizer" daemon [_thread_blocked, id=7916, stack(0x00000000097d0000,0x00000000098d0000)]
  0x0000000002011000 JavaThread "Reference Handler" daemon [_thread_blocked, id=4364, stack(0x00000000096d0000,0x00000000097d0000)]
  0x0000000001f30800 JavaThread "main" [_thread_blocked, id=6352, stack(0x0000000001e30000,0x0000000001f30000)]

Other Threads:
  0x0000000008542800 VMThread [stack: 0x00000000095d0000,0x00000000096d0000] [id=3540]
  0x000000000858a800 WatcherThread [stack: 0x0000000009dd0000,0x0000000009ed0000] [id=6520]

VM state:not at safepoint (normal execution)

VM Mutex/Monitor currently owned by a thread: None

Heap
 PSYoungGen      total 316928K, used 55398K [0x00000000eaa80000, 0x0000000100000000, 0x0000000100000000)
  eden space 303616K, 13% used [0x00000000eaa80000,0x00000000ed3999d8,0x00000000fd300000)
  from space 13312K, 100% used [0x00000000ff180000,0x00000000ffe80000,0x00000000ffe80000)
  to   space 23040K, 0% used [0x00000000fd300000,0x00000000fd300000,0x00000000fe980000)
 ParOldGen       total 64000K, used 44962K [0x00000000c0000000, 0x00000000c3e80000, 0x00000000eaa80000)
  object space 64000K, 70% used [0x00000000c0000000,0x00000000c2be8848,0x00000000c3e80000)
 PSPermGen       total 41984K, used 41765K [0x00000000b0000000, 0x00000000b2900000, 0x00000000c0000000)
  object space 41984K, 99% used [0x00000000b0000000,0x00000000b28c9718,0x00000000b2900000)

Card table byte_map: [0x00000000050f0000,0x0000000005380000] byte_map_base: 0x0000000004b70000

Polling page: 0x0000000000520000

Code Cache  [0x0000000002030000, 0x00000000023b0000, 0x0000000005030000)
 total_blobs=1285 nmethods=674 adapters=563 free_code_cache=45733Kb largest_free_block=46725376

Compilation events (10 events):
Event: 15.822 Thread 0x000000000856d000 nmethod 709 0x00000000022524d0 code [0x00000000022526e0, 0x0000000002253440]
Event: 15.822 Thread 0x000000000856d000  710             java.lang.Short::shortValue (5 bytes)
Event: 15.823 Thread 0x000000000856d000 nmethod 710 0x0000000002292850 code [0x0000000002292980, 0x00000000022929d8]
Event: 15.823 Thread 0x000000000856d000  711             java.io.DataOutputStream::writeShort (35 bytes)
Event: 15.837 Thread 0x000000000856d000 nmethod 711 0x0000000002250450 code [0x0000000002250620, 0x0000000002251c50]
Event: 15.837 Thread 0x000000000856d000  712             groovy.lang.MetaMethod::isStatic (16 bytes)
Event: 15.838 Thread 0x000000000856d000 nmethod 712 0x00000000022d5490 code [0x00000000022d55e0, 0x00000000022d5678]
Event: 15.838 Thread 0x000000000856d000  713             org.codehaus.groovy.reflection.CachedClass::hashCode (33 bytes)
Event: 15.839 Thread 0x000000000856d000 nmethod 713 0x000000000235dc90 code [0x000000000235dde0, 0x000000000235dea8]
Event: 15.839 Thread 0x000000000856d000  714             java.beans.Introspector::getTargetEventInfo (1089 bytes)

GC Heap History (10 events):
Event: 3.829 GC heap before
{Heap before GC invocations=6 (full 0):
 PSYoungGen      total 53760K, used 53748K [0x00000000eaa80000, 0x00000000f1d80000, 0x0000000100000000)
  eden space 50176K, 100% used [0x00000000eaa80000,0x00000000edb80000,0x00000000edb80000)
  from space 3584K, 99% used [0x00000000edb80000,0x00000000edefd0f0,0x00000000edf00000)
  to   space 8704K, 0% used [0x00000000f1500000,0x00000000f1500000,0x00000000f1d80000)
 ParOldGen       total 64000K, used 10383K [0x00000000c0000000, 0x00000000c3e80000, 0x00000000eaa80000)
  object space 64000K, 16% used [0x00000000c0000000,0x00000000c0a23e40,0x00000000c3e80000)
 PSPermGen       total 21504K, used 20503K [0x00000000b0000000, 0x00000000b1500000, 0x00000000c0000000)
  object space 21504K, 95% used [0x00000000b0000000,0x00000000b1405fc0,0x00000000b1500000)
Event: 3.837 GC heap after
Heap after GC invocations=6 (full 0):
 PSYoungGen      total 109056K, used 3924K [0x00000000eaa80000, 0x00000000f1d80000, 0x0000000100000000)
  eden space 100352K, 0% used [0x00000000eaa80000,0x00000000eaa80000,0x00000000f0c80000)
  from space 8704K, 45% used [0x00000000f1500000,0x00000000f18d50d0,0x00000000f1d80000)
  to   space 8704K, 0% used [0x00000000f0c80000,0x00000000f0c80000,0x00000000f1500000)
 ParOldGen       total 64000K, used 10383K [0x00000000c0000000, 0x00000000c3e80000, 0x00000000eaa80000)
  object space 64000K, 16% used [0x00000000c0000000,0x00000000c0a23e40,0x00000000c3e80000)
 PSPermGen       total 21504K, used 20503K [0x00000000b0000000, 0x00000000b1500000, 0x00000000c0000000)
  object space 21504K, 95% used [0x00000000b0000000,0x00000000b1405fc0,0x00000000b1500000)
}
Event: 4.736 GC heap before
{Heap before GC invocations=7 (full 0):
 PSYoungGen      total 109056K, used 104276K [0x00000000eaa80000, 0x00000000f1d80000, 0x0000000100000000)
  eden space 100352K, 100% used [0x00000000eaa80000,0x00000000f0c80000,0x00000000f0c80000)
  from space 8704K, 45% used [0x00000000f1500000,0x00000000f18d50d0,0x00000000f1d80000)
  to   space 8704K, 0% used [0x00000000f0c80000,0x00000000f0c80000,0x00000000f1500000)
 ParOldGen       total 64000K, used 10383K [0x00000000c0000000, 0x00000000c3e80000, 0x00000000eaa80000)
  object space 64000K, 16% used [0x00000000c0000000,0x00000000c0a23e40,0x00000000c3e80000)
 PSPermGen       total 22528K, used 22456K [0x00000000b0000000, 0x00000000b1600000, 0x00000000c0000000)
  object space 22528K, 99% used [0x00000000b0000000,0x00000000b15ee0c8,0x00000000b1600000)
Event: 4.748 GC heap after
Heap after GC invocations=7 (full 0):
 PSYoungGen      total 109056K, used 5965K [0x00000000eaa80000, 0x00000000f7e80000, 0x0000000100000000)
  eden space 100352K, 0% used [0x00000000eaa80000,0x00000000eaa80000,0x00000000f0c80000)
  from space 8704K, 68% used [0x00000000f0c80000,0x00000000f1253448,0x00000000f1500000)
  to   space 8192K, 0% used [0x00000000f7680000,0x00000000f7680000,0x00000000f7e80000)
 ParOldGen       total 64000K, used 11463K [0x00000000c0000000, 0x00000000c3e80000, 0x00000000eaa80000)
  object space 64000K, 17% used [0x00000000c0000000,0x00000000c0b31f68,0x00000000c3e80000)
 PSPermGen       total 22528K, used 22456K [0x00000000b0000000, 0x00000000b1600000, 0x00000000c0000000)
  object space 22528K, 99% used [0x00000000b0000000,0x00000000b15ee0c8,0x00000000b1600000)
}
Event: 5.187 GC heap before
{Heap before GC invocations=8 (full 0):
 PSYoungGen      total 109056K, used 106317K [0x00000000eaa80000, 0x00000000f7e80000, 0x0000000100000000)
  eden space 100352K, 100% used [0x00000000eaa80000,0x00000000f0c80000,0x00000000f0c80000)
  from space 8704K, 68% used [0x00000000f0c80000,0x00000000f1253448,0x00000000f1500000)
  to   space 8192K, 0% used [0x00000000f7680000,0x00000000f7680000,0x00000000f7e80000)
 ParOldGen       total 64000K, used 11463K [0x00000000c0000000, 0x00000000c3e80000, 0x00000000eaa80000)
  object space 64000K, 17% used [0x00000000c0000000,0x00000000c0b31f68,0x00000000c3e80000)
 PSPermGen       total 22528K, used 22479K [0x00000000b0000000, 0x00000000b1600000, 0x00000000c0000000)
  object space 22528K, 99% used [0x00000000b0000000,0x00000000b15f3ea0,0x00000000b1600000)
Event: 5.195 GC heap after
Heap after GC invocations=8 (full 0):
 PSYoungGen      total 208896K, used 3688K [0x00000000eaa80000, 0x00000000f7e80000, 0x0000000100000000)
  eden space 200704K, 0% used [0x00000000eaa80000,0x00000000eaa80000,0x00000000f6e80000)
  from space 8192K, 45% used [0x00000000f7680000,0x00000000f7a1a0e0,0x00000000f7e80000)
  to   space 8192K, 0% used [0x00000000f6e80000,0x00000000f6e80000,0x00000000f7680000)
 ParOldGen       total 64000K, used 13114K [0x00000000c0000000, 0x00000000c3e80000, 0x00000000eaa80000)
  object space 64000K, 20% used [0x00000000c0000000,0x00000000c0ccea48,0x00000000c3e80000)
 PSPermGen       total 22528K, used 22479K [0x00000000b0000000, 0x00000000b1600000, 0x00000000c0000000)
  object space 22528K, 99% used [0x00000000b0000000,0x00000000b15f3ea0,0x00000000b1600000)
}
Event: 10.126 GC heap before
{Heap before GC invocations=9 (full 0):
 PSYoungGen      total 208896K, used 204392K [0x00000000eaa80000, 0x00000000f7e80000, 0x0000000100000000)
  eden space 200704K, 100% used [0x00000000eaa80000,0x00000000f6e80000,0x00000000f6e80000)
  from space 8192K, 45% used [0x00000000f7680000,0x00000000f7a1a0e0,0x00000000f7e80000)
  to   space 8192K, 0% used [0x00000000f6e80000,0x00000000f6e80000,0x00000000f7680000)
 ParOldGen       total 64000K, used 13114K [0x00000000c0000000, 0x00000000c3e80000, 0x00000000eaa80000)
  object space 64000K, 20% used [0x00000000c0000000,0x00000000c0ccea48,0x00000000c3e80000)
 PSPermGen       total 31744K, used 31698K [0x00000000b0000000, 0x00000000b1f00000, 0x00000000c0000000)
  object space 31744K, 99% used [0x00000000b0000000,0x00000000b1ef4b28,0x00000000b1f00000)
Event: 10.147 GC heap after
Heap after GC invocations=9 (full 0):
 PSYoungGen      total 208896K, used 8176K [0x00000000eaa80000, 0x00000000ffe80000, 0x0000000100000000)
  eden space 200704K, 0% used [0x00000000eaa80000,0x00000000eaa80000,0x00000000f6e80000)
  from space 8192K, 99% used [0x00000000f6e80000,0x00000000f767c020,0x00000000f7680000)
  to   space 13312K, 0% used [0x00000000ff180000,0x00000000ff180000,0x00000000ffe80000)
 ParOldGen       total 64000K, used 23752K [0x00000000c0000000, 0x00000000c3e80000, 0x00000000eaa80000)
  object space 64000K, 37% used [0x00000000c0000000,0x00000000c17322c0,0x00000000c3e80000)
 PSPermGen       total 31744K, used 31698K [0x00000000b0000000, 0x00000000b1f00000, 0x00000000c0000000)
  object space 31744K, 99% used [0x00000000b0000000,0x00000000b1ef4b28,0x00000000b1f00000)
}
Event: 16.268 GC heap before
{Heap before GC invocations=10 (full 0):
 PSYoungGen      total 208896K, used 208880K [0x00000000eaa80000, 0x00000000ffe80000, 0x0000000100000000)
  eden space 200704K, 100% used [0x00000000eaa80000,0x00000000f6e80000,0x00000000f6e80000)
  from space 8192K, 99% used [0x00000000f6e80000,0x00000000f767c020,0x00000000f7680000)
  to   space 13312K, 0% used [0x00000000ff180000,0x00000000ff180000,0x00000000ffe80000)
 ParOldGen       total 64000K, used 23752K [0x00000000c0000000, 0x00000000c3e80000, 0x00000000eaa80000)
  object space 64000K, 37% used [0x00000000c0000000,0x00000000c17322c0,0x00000000c3e80000)
 PSPermGen       total 40448K, used 40028K [0x00000000b0000000, 0x00000000b2780000, 0x00000000c0000000)
  object space 40448K, 98% used [0x00000000b0000000,0x00000000b2717070,0x00000000b2780000)
Event: 16.345 GC heap after
Heap after GC invocations=10 (full 0):
 PSYoungGen      total 316928K, used 13312K [0x00000000eaa80000, 0x0000000100000000, 0x0000000100000000)
  eden space 303616K, 0% used [0x00000000eaa80000,0x00000000eaa80000,0x00000000fd300000)
  from space 13312K, 100% used [0x00000000ff180000,0x00000000ffe80000,0x00000000ffe80000)
  to   space 23040K, 0% used [0x00000000fd300000,0x00000000fd300000,0x00000000fe980000)
 ParOldGen       total 64000K, used 44962K [0x00000000c0000000, 0x00000000c3e80000, 0x00000000eaa80000)
  object space 64000K, 70% used [0x00000000c0000000,0x00000000c2be8848,0x00000000c3e80000)
 PSPermGen       total 40448K, used 40028K [0x00000000b0000000, 0x00000000b2780000, 0x00000000c0000000)
  object space 40448K, 98% used [0x00000000b0000000,0x00000000b2717070,0x00000000b2780000)
}

Deoptimization events (10 events):
Event: 17.204 Thread 0x000000000a741000 Uncommon trap: reason=class_check action=maybe_recompile pc=0x00000000020b352c method=java.lang.Throwable.<init>(Ljava/lang/String;Ljava/lang/Throwable;)V @ 24
Event: 17.210 Thread 0x000000000a741000 Uncommon trap: reason=class_check action=maybe_recompile pc=0x00000000020bae2c method=java.lang.Throwable.<init>(Ljava/lang/String;Ljava/lang/Throwable;)V @ 24
Event: 17.222 Thread 0x000000000a741000 Uncommon trap: reason=class_check action=maybe_recompile pc=0x00000000023155dc method=java.util.Formatter.format(Ljava/util/Locale;Ljava/lang/String;[Ljava/lang/Object;)Ljava/util/Formatter; @ 76
Event: 17.222 Thread 0x000000000a741000 Uncommon trap: reason=class_check action=maybe_recompile pc=0x00000000023155dc method=java.util.Formatter.format(Ljava/util/Locale;Ljava/lang/String;[Ljava/lang/Object;)Ljava/util/Formatter; @ 76
Event: 17.222 Thread 0x000000000a741000 Uncommon trap: reason=class_check action=maybe_recompile pc=0x00000000023155dc method=java.util.Formatter.format(Ljava/util/Locale;Ljava/lang/String;[Ljava/lang/Object;)Ljava/util/Formatter; @ 76
Event: 17.224 Thread 0x000000000a741000 Uncommon trap: reason=class_check action=maybe_recompile pc=0x00000000023155dc method=java.util.Formatter.format(Ljava/util/Locale;Ljava/lang/String;[Ljava/lang/Object;)Ljava/util/Formatter; @ 76
Event: 17.532 Thread 0x000000000a741000 Uncommon trap: reason=class_check action=maybe_recompile pc=0x000000000211c0f8 method=com.google.common.base.Equivalence.hash(Ljava/lang/Object;)I @ 8
Event: 17.536 Thread 0x000000000a741000 Uncommon trap: reason=class_check action=maybe_recompile pc=0x000000000211c0f8 method=com.google.common.base.Equivalence.hash(Ljava/lang/Object;)I @ 8
Event: 17.537 Thread 0x000000000a741000 Uncommon trap: reason=class_check action=maybe_recompile pc=0x000000000211c0f8 method=com.google.common.base.Equivalence.hash(Ljava/lang/Object;)I @ 8
Event: 17.537 Thread 0x000000000a741000 Uncommon trap: reason=class_check action=maybe_recompile pc=0x000000000211c0f8 method=com.google.common.base.Equivalence.hash(Ljava/lang/Object;)I @ 8

Internal exceptions (10 events):
Event: 17.768 Thread 0x000000000a741000 Threw 0x00000000ed344cd8 at C:\re\jdk7u79\2331\hotspot\src\share\vm\prims\jvm.cpp:1304
Event: 17.768 Thread 0x000000000a741000 Threw 0x00000000ed3482c8 at C:\re\jdk7u79\2331\hotspot\src\share\vm\prims\jvm.cpp:1304
Event: 17.770 Thread 0x000000000a741000 Threw 0x00000000ed34bc30 at C:\re\jdk7u79\2331\hotspot\src\share\vm\prims\jvm.cpp:1304
Event: 17.771 Thread 0x000000000a741000 Threw 0x00000000ed350610 at C:\re\jdk7u79\2331\hotspot\src\share\vm\prims\jvm.cpp:1304
Event: 17.778 Thread 0x000000000a741000 Threw 0x00000000ed35ec40 at C:\re\jdk7u79\2331\hotspot\src\share\vm\prims\jvm.cpp:1304
Event: 17.778 Thread 0x000000000a741000 Threw 0x00000000ed35f650 at C:\re\jdk7u79\2331\hotspot\src\share\vm\prims\jvm.cpp:1304
Event: 17.791 Thread 0x000000000a741000 Threw 0x00000000ed374358 at C:\re\jdk7u79\2331\hotspot\src\share\vm\prims\jvm.cpp:1304
Event: 17.791 Thread 0x000000000a741000 Threw 0x00000000ed374c20 at C:\re\jdk7u79\2331\hotspot\src\share\vm\prims\jvm.cpp:1304
Event: 17.794 Thread 0x000000000a741000 Threw 0x00000000ed3782c8 at C:\re\jdk7u79\2331\hotspot\src\share\vm\prims\jvm.cpp:1304
Event: 17.794 Thread 0x000000000a741000 Threw 0x00000000ed378ba8 at C:\re\jdk7u79\2331\hotspot\src\share\vm\prims\jvm.cpp:1304

Events (10 events):
Event: 17.770 loading class 0x000000000b441d70
Event: 17.770 loading class 0x000000000b441d70 done
Event: 17.771 loading class 0x000000000b441e30
Event: 17.771 loading class 0x000000000b441e30 done
Event: 17.778 loading class 0x000000000b025650
Event: 17.778 loading class 0x000000000b025650 done
Event: 17.791 loading class 0x000000000a91d5c0
Event: 17.791 loading class 0x000000000a91d5c0 done
Event: 17.794 loading class 0x000000000a91d4d0
Event: 17.794 loading class 0x000000000a91d4d0 done


Dynamic libraries:
0x00007ff7ce450000 - 0x00007ff7ce483000 	C:\Program Files\Java\jdk1.7.0_79\bin\java.exe
0x00007fff9e910000 - 0x00007fff9eabc000 	C:\WINDOWS\SYSTEM32\ntdll.dll
0x00007fff9c900000 - 0x00007fff9ca3e000 	C:\WINDOWS\system32\KERNEL32.DLL
0x00007fff9be70000 - 0x00007fff9bf85000 	C:\WINDOWS\system32\KERNELBASE.dll
0x00007fff9a610000 - 0x00007fff9a69e000 	C:\WINDOWS\system32\apphelp.dll
0x00007fff95360000 - 0x00007fff953b3000 	C:\WINDOWS\AppPatch\AppPatch64\AcGenral.DLL
0x00007fff9cbf0000 - 0x00007fff9cc9a000 	C:\WINDOWS\system32\msvcrt.dll
0x00007fff9b830000 - 0x00007fff9b85e000 	C:\WINDOWS\SYSTEM32\SspiCli.dll
0x00007fff9c310000 - 0x00007fff9c364000 	C:\WINDOWS\system32\SHLWAPI.dll
0x00007fff9e2d0000 - 0x00007fff9e447000 	C:\WINDOWS\system32\USER32.dll
0x00007fff9e590000 - 0x00007fff9e724000 	C:\WINDOWS\system32\ole32.dll
0x00007fff9cda0000 - 0x00007fff9e2cb000 	C:\WINDOWS\system32\SHELL32.dll
0x00007fff9b160000 - 0x00007fff9b181000 	C:\WINDOWS\SYSTEM32\USERENV.dll
0x00007fff9c260000 - 0x00007fff9c30a000 	C:\WINDOWS\system32\ADVAPI32.dll
0x00007fff91460000 - 0x00007fff9147e000 	C:\WINDOWS\SYSTEM32\MPR.dll
0x00007fff9c650000 - 0x00007fff9c791000 	C:\WINDOWS\system32\RPCRT4.dll
0x00007fff9e4c0000 - 0x00007fff9e519000 	C:\WINDOWS\SYSTEM32\sechost.dll
0x00007fff9bfd0000 - 0x00007fff9c1e1000 	C:\WINDOWS\SYSTEM32\combase.dll
0x00007fff9c500000 - 0x00007fff9c64f000 	C:\WINDOWS\system32\GDI32.dll
0x00007fff9ba60000 - 0x00007fff9ba75000 	C:\WINDOWS\SYSTEM32\profapi.dll
0x00007fff9a290000 - 0x00007fff9a342000 	C:\WINDOWS\SYSTEM32\SHCORE.dll
0x00007fff9bf90000 - 0x00007fff9bfc6000 	C:\WINDOWS\system32\IMM32.DLL
0x00007fff9c7a0000 - 0x00007fff9c8f2000 	C:\WINDOWS\system32\MSCTF.dll
0x00007fff99b50000 - 0x00007fff99dcb000 	C:\WINDOWS\WinSxS\amd64_microsoft.windows.common-controls_6595b64144ccf1df_6.0.9600.18006_none_623f33d3ecbe86e8\COMCTL32.dll
0x000000005d3a0000 - 0x000000005d472000 	C:\Program Files\Java\jdk1.7.0_79\jre\bin\msvcr100.dll
0x000000005d7e0000 - 0x000000005dfb5000 	C:\Program Files\Java\jdk1.7.0_79\jre\bin\server\jvm.dll
0x00007fff942e0000 - 0x00007fff942e9000 	C:\WINDOWS\SYSTEM32\WSOCK32.dll
0x00007fff8e880000 - 0x00007fff8e8a2000 	C:\WINDOWS\SYSTEM32\WINMM.dll
0x00007fff9cd90000 - 0x00007fff9cd97000 	C:\WINDOWS\system32\PSAPI.DLL
0x00007fff9e520000 - 0x00007fff9e57a000 	C:\WINDOWS\system32\WS2_32.dll
0x00007fff8e850000 - 0x00007fff8e87a000 	C:\WINDOWS\SYSTEM32\WINMMBASE.dll
0x00007fff9c1f0000 - 0x00007fff9c1f9000 	C:\WINDOWS\system32\NSI.dll
0x00007fff9be20000 - 0x00007fff9be6f000 	C:\WINDOWS\SYSTEM32\cfgmgr32.dll
0x00007fff9a860000 - 0x00007fff9a888000 	C:\WINDOWS\SYSTEM32\DEVOBJ.dll
0x000000005ef30000 - 0x000000005ef3f000 	C:\Program Files\Java\jdk1.7.0_79\jre\bin\verify.dll
0x000000005ef00000 - 0x000000005ef28000 	C:\Program Files\Java\jdk1.7.0_79\jre\bin\java.dll
0x000000005eee0000 - 0x000000005eef5000 	C:\Program Files\Java\jdk1.7.0_79\jre\bin\zip.dll
0x000000005eec0000 - 0x000000005eeda000 	C:\Program Files\Java\jdk1.7.0_79\jre\bin\net.dll
0x00007fff9b270000 - 0x00007fff9b2c9000 	C:\WINDOWS\system32\mswsock.dll
0x000000005eea0000 - 0x000000005eeb1000 	C:\Program Files\Java\jdk1.7.0_79\jre\bin\nio.dll
0x00007fff9b2d0000 - 0x00007fff9b2f0000 	C:\WINDOWS\SYSTEM32\CRYPTSP.dll
0x00007fff9ae80000 - 0x00007fff9aeb6000 	C:\WINDOWS\system32\rsaenh.dll
0x00007fff9b520000 - 0x00007fff9b546000 	C:\WINDOWS\SYSTEM32\bcrypt.dll
0x00007fff9b860000 - 0x00007fff9b8c3000 	C:\WINDOWS\system32\bcryptprimitives.dll
0x00007fff9b8d0000 - 0x00007fff9b8db000 	C:\WINDOWS\SYSTEM32\CRYPTBASE.dll
0x00007fff97010000 - 0x00007fff9703a000 	C:\WINDOWS\SYSTEM32\IPHLPAPI.DLL
0x00007fff96fe0000 - 0x00007fff96fea000 	C:\WINDOWS\SYSTEM32\WINNSI.DLL
0x00007fff96b60000 - 0x00007fff96b76000 	C:\WINDOWS\SYSTEM32\dhcpcsvc6.DLL
0x00007fff96cb0000 - 0x00007fff96cca000 	C:\WINDOWS\SYSTEM32\dhcpcsvc.DLL
0x00007fff982e0000 - 0x00007fff982f2000 	C:\Users\nithy_000\AppData\Local\Temp\native-platform5088951788302550830dir\native-platform.dll

VM Arguments:
jvm_args: -XX:MaxPermSize=256m -XX:+HeapDumpOnOutOfMemoryError -Xmx1024m -Dfile.encoding=windows-1252 -Duser.country=IN -Duser.language=en -Duser.variant 
java_command: org.gradle.launcher.daemon.bootstrap.GradleDaemon 2.2.1 C:\Users\nithy_000\.gradle\daemon 10800000 b888ec73-7f14-40e1-a1ca-fd5ae43abe22 -XX:MaxPermSize=256m -XX:+HeapDumpOnOutOfMemoryError -Xmx1024m -Dfile.encoding=windows-1252 -Duser.country=IN -Duser.language=en -Duser.variant
Launcher Type: SUN_STANDARD

Environment Variables:
PATH=C:\Program Files (x86)\Intel\iCLS Client\;C:\Program Files\Intel\iCLS Client\;C:\WINDOWS\system32;C:\WINDOWS;C:\WINDOWS\System32\Wbem;C:\WINDOWS\System32\WindowsPowerShell\v1.0\;C:\Program Files (x86)\Intel\OpenCL SDK\2.0\bin\x86;C:\Program Files (x86)\Intel\OpenCL SDK\2.0\bin\x64;C:\Program Files\Intel\Intel(R) Management Engine Components\DAL;C:\Program Files\Intel\Intel(R) Management Engine Components\IPT;C:\Program Files (x86)\Intel\Intel(R) Management Engine Components\DAL;C:\Program Files (x86)\Intel\Intel(R) Management Engine Components\IPT;C:\Program Files\Sony\VAIO Improvement\;C:\Program Files (x86)\Sony\VAIO Startup Setting Tool;C:\Program Files\Microsoft\Web Platform Installer\;C:\Program Files (x86)\Microsoft ASP.NET\ASP.NET Web Pages\v1.0\;C:\Program Files\Microsoft SQL Server\110\Tools\Binn\
USERNAME=nithy_000
OS=Windows_NT
PROCESSOR_IDENTIFIER=Intel64 Family 6 Model 58 Stepping 9, GenuineIntel



---------------  S Y S T E M  ---------------

OS: Windows 8.1 , 64 bit Build 9600 

CPU:total 4 (2 cores per cpu, 2 threads per core) family 6 model 58 stepping 9, cmov, cx8, fxsr, mmx, sse, sse2, sse3, ssse3, sse4.1, sse4.2, popcnt, avx, erms, ht, tsc, tscinvbit, tscinv

Memory: 4k page, physical 6167832k(502380k free), swap 25042200k(26108k free)

vm_info: Java HotSpot(TM) 64-Bit Server VM (24.79-b02) for windows-amd64 JRE (1.7.0_79-b15), built on Apr 10 2015 12:36:16 by "java_re" with unknown MS VC++:1600

time: Thu Dec 03 11:50:38 2015
elapsed time: 17 seconds

