#
# There is insufficient memory for the Java Runtime Environment to continue.
# Native memory allocation (malloc) failed to allocate 1067856 bytes for Chunk::new
# Possible reasons:
#   The system is out of physical RAM or swap space
#   In 32 bit mode, the process size limit was hit
# Possible solutions:
#   Reduce memory load on the system
#   Increase physical memory or swap space
#   Check if swap backing store is full
#   Use 64 bit Java on a 64 bit OS
#   Decrease Java heap size (-Xmx/-Xms)
#   Decrease number of Java threads
#   Decrease Java thread stack sizes (-Xss)
#   Set larger code cache with -XX:ReservedCodeCacheSize=
# This output file may be truncated or incomplete.
#
#  Out of Memory Error (allocation.cpp:323), pid=10116, tid=3616
#
# JRE version: Java(TM) SE Runtime Environment (7.0_79-b15) (build 1.7.0_79-b15)
# Java VM: Java HotSpot(TM) 64-Bit Server VM (24.79-b02 mixed mode windows-amd64 compressed oops)
# Failed to write core dump. Minidumps are not enabled by default on client versions of Windows
#

---------------  T H R E A D  ---------------

Current thread (0x0000000008736000):  JavaThread "C2 CompilerThread1" daemon [_thread_in_native, id=3616, stack(0x0000000009dc0000,0x0000000009ec0000)]

Stack: [0x0000000009dc0000,0x0000000009ec0000]
[error occurred during error reporting (printing stack bounds), id 0xc0000005]


Current CompileTask:
C2:  41697 1064             java.util.Formatter::format (11 bytes)


---------------  P R O C E S S  ---------------

Java Threads: ( => current thread )
  0x000000000ba8a000 JavaThread "Stdin handler" [_thread_blocked, id=6632, stack(0x000000000e9b0000,0x000000000eab0000)]
  0x000000000df5c800 JavaThread "Cancel handler" [_thread_blocked, id=9376, stack(0x000000000d820000,0x000000000d920000)]
  0x000000000e0f4800 JavaThread "Handler for socket connection from /127.0.0.1:62161 to /127.0.0.1:62171" [_thread_in_native, id=6404, stack(0x000000000c650000,0x000000000c750000)]
  0x000000000ab37000 JavaThread "File lock request listener" [_thread_in_native, id=3748, stack(0x000000000c750000,0x000000000c850000)]
  0x000000000a1a4000 JavaThread "Daemon worker" [_thread_in_native, id=6716, stack(0x000000000c550000,0x000000000c650000)]
  0x000000000a8dd000 JavaThread "Daemon" [_thread_blocked, id=7764, stack(0x000000000c250000,0x000000000c350000)]
  0x000000000a14a800 JavaThread "Incoming local TCP Connector on port 62161" [_thread_in_native, id=8088, stack(0x000000000c150000,0x000000000c250000)]
  0x000000000874a000 JavaThread "Service Thread" daemon [_thread_blocked, id=8480, stack(0x0000000009ec0000,0x0000000009fc0000)]
=>0x0000000008736000 JavaThread "C2 CompilerThread1" daemon [_thread_in_native, id=3616, stack(0x0000000009dc0000,0x0000000009ec0000)]
  0x0000000008733800 JavaThread "C2 CompilerThread0" daemon [_thread_blocked, id=9624, stack(0x0000000009cc0000,0x0000000009dc0000)]
  0x0000000008732800 JavaThread "Attach Listener" daemon [_thread_blocked, id=7084, stack(0x0000000009bc0000,0x0000000009cc0000)]
  0x000000000872f000 JavaThread "Signal Dispatcher" daemon [_thread_blocked, id=6892, stack(0x0000000009ac0000,0x0000000009bc0000)]
  0x00000000086ff000 JavaThread "Finalizer" daemon [_thread_blocked, id=7608, stack(0x00000000099c0000,0x0000000009ac0000)]
  0x00000000086f6000 JavaThread "Reference Handler" daemon [_thread_blocked, id=3640, stack(0x00000000098c0000,0x00000000099c0000)]
  0x00000000020c0800 JavaThread "main" [_thread_blocked, id=4492, stack(0x0000000001f50000,0x0000000002050000)]

Other Threads:
  0x00000000086f1000 VMThread [stack: 0x00000000097c0000,0x00000000098c0000] [id=5204]
  0x0000000008763000 WatcherThread [stack: 0x0000000009fc0000,0x000000000a0c0000] [id=7332]

VM state:not at safepoint (normal execution)

VM Mutex/Monitor currently owned by a thread: None

Heap
 PSYoungGen      total 211456K, used 122497K [0x00000000eaa80000, 0x00000000f8180000, 0x0000000100000000)
  eden space 202752K, 60% used [0x00000000eaa80000,0x00000000f2220528,0x00000000f7080000)
  from space 8704K, 0% used [0x00000000f7080000,0x00000000f7080000,0x00000000f7900000)
  to   space 8192K, 0% used [0x00000000f7980000,0x00000000f7980000,0x00000000f8180000)
 ParOldGen       total 64000K, used 51871K [0x00000000c0000000, 0x00000000c3e80000, 0x00000000eaa80000)
  object space 64000K, 81% used [0x00000000c0000000,0x00000000c32a7ed8,0x00000000c3e80000)
 PSPermGen       total 83968K, used 48299K [0x00000000b0000000, 0x00000000b5200000, 0x00000000c0000000)
  object space 83968K, 57% used [0x00000000b0000000,0x00000000b2f2af98,0x00000000b5200000)

Card table byte_map: [0x0000000005340000,0x00000000055d0000] byte_map_base: 0x0000000004dc0000

Polling page: 0x00000000006a0000

Code Cache  [0x0000000002280000, 0x00000000026f0000, 0x0000000005280000)
 total_blobs=1629 nmethods=1016 adapters=564 free_code_cache=44681Kb largest_free_block=45689024

Compilation events (10 events):
Event: 40.318 Thread 0x0000000008736000 nmethod 1059 0x0000000002577510 code [0x0000000002577640, 0x00000000025776b8]
Event: 40.318 Thread 0x0000000008736000 1060             java.lang.CharacterDataLatin1::isOtherUppercase (18 bytes)
Event: 40.319 Thread 0x0000000008736000 nmethod 1060 0x00000000026ca210 code [0x00000000026ca340, 0x00000000026ca3d8]
Event: 40.322 Thread 0x0000000008736000 1061             java.util.Formatter::<init> (18 bytes)
Event: 40.330 Thread 0x0000000008736000 nmethod 1061 0x00000000026c8ed0 code [0x00000000026c90a0, 0x00000000026c96f0]
Event: 40.330 Thread 0x0000000008736000 1062             java.util.Formatter::<init> (23 bytes)
Event: 40.339 Thread 0x0000000008736000 nmethod 1062 0x00000000026cc6d0 code [0x00000000026cc860, 0x00000000026cccb8]
Event: 40.339 Thread 0x0000000008736000 1063             java.util.Formatter::getZero (27 bytes)
Event: 40.347 Thread 0x0000000008736000 nmethod 1063 0x00000000026d2590 code [0x00000000026d2720, 0x00000000026d2b38]
Event: 40.347 Thread 0x0000000008736000 1064             java.util.Formatter::format (11 bytes)

GC Heap History (10 events):
Event: 16.593 GC heap before
{Heap before GC invocations=14 (full 0):
 PSYoungGen      total 135680K, used 129150K [0x00000000eaa80000, 0x00000000f8280000, 0x0000000100000000)
  eden space 126464K, 100% used [0x00000000eaa80000,0x00000000f2600000,0x00000000f2600000)
  from space 9216K, 29% used [0x00000000f2600000,0x00000000f289fae8,0x00000000f2f00000)
  to   space 9216K, 0% used [0x00000000f7980000,0x00000000f7980000,0x00000000f8280000)
 ParOldGen       total 64000K, used 18627K [0x00000000c0000000, 0x00000000c3e80000, 0x00000000eaa80000)
  object space 64000K, 29% used [0x00000000c0000000,0x00000000c1230c90,0x00000000c3e80000)
 PSPermGen       total 24576K, used 24195K [0x00000000b0000000, 0x00000000b1800000, 0x00000000c0000000)
  object space 24576K, 98% used [0x00000000b0000000,0x00000000b17a0cb0,0x00000000b1800000)
Event: 16.601 GC heap after
Heap after GC invocations=14 (full 0):
 PSYoungGen      total 210944K, used 2656K [0x00000000eaa80000, 0x00000000f8180000, 0x0000000100000000)
  eden space 202752K, 0% used [0x00000000eaa80000,0x00000000eaa80000,0x00000000f7080000)
  from space 8192K, 32% used [0x00000000f7980000,0x00000000f7c181b0,0x00000000f8180000)
  to   space 8704K, 0% used [0x00000000f7080000,0x00000000f7080000,0x00000000f7900000)
 ParOldGen       total 64000K, used 20731K [0x00000000c0000000, 0x00000000c3e80000, 0x00000000eaa80000)
  object space 64000K, 32% used [0x00000000c0000000,0x00000000c143ec38,0x00000000c3e80000)
 PSPermGen       total 24576K, used 24195K [0x00000000b0000000, 0x00000000b1800000, 0x00000000c0000000)
  object space 24576K, 98% used [0x00000000b0000000,0x00000000b17a0cb0,0x00000000b1800000)
}
Event: 20.766 GC heap before
{Heap before GC invocations=15 (full 0):
 PSYoungGen      total 210944K, used 205408K [0x00000000eaa80000, 0x00000000f8180000, 0x0000000100000000)
  eden space 202752K, 100% used [0x00000000eaa80000,0x00000000f7080000,0x00000000f7080000)
  from space 8192K, 32% used [0x00000000f7980000,0x00000000f7c181b0,0x00000000f8180000)
  to   space 8704K, 0% used [0x00000000f7080000,0x00000000f7080000,0x00000000f7900000)
 ParOldGen       total 64000K, used 20731K [0x00000000c0000000, 0x00000000c3e80000, 0x00000000eaa80000)
  object space 64000K, 32% used [0x00000000c0000000,0x00000000c143ec38,0x00000000c3e80000)
 PSPermGen       total 28160K, used 28098K [0x00000000b0000000, 0x00000000b1b80000, 0x00000000c0000000)
  object space 28160K, 99% used [0x00000000b0000000,0x00000000b1b70a28,0x00000000b1b80000)
Event: 20.775 GC heap after
Heap after GC invocations=15 (full 0):
 PSYoungGen      total 211456K, used 5686K [0x00000000eaa80000, 0x00000000f8180000, 0x0000000100000000)
  eden space 202752K, 0% used [0x00000000eaa80000,0x00000000eaa80000,0x00000000f7080000)
  from space 8704K, 65% used [0x00000000f7080000,0x00000000f760db08,0x00000000f7900000)
  to   space 8192K, 0% used [0x00000000f7980000,0x00000000f7980000,0x00000000f8180000)
 ParOldGen       total 64000K, used 22747K [0x00000000c0000000, 0x00000000c3e80000, 0x00000000eaa80000)
  object space 64000K, 35% used [0x00000000c0000000,0x00000000c1636da0,0x00000000c3e80000)
 PSPermGen       total 28160K, used 28098K [0x00000000b0000000, 0x00000000b1b80000, 0x00000000c0000000)
  object space 28160K, 99% used [0x00000000b0000000,0x00000000b1b70a28,0x00000000b1b80000)
}
Event: 25.875 GC heap before
{Heap before GC invocations=16 (full 0):
 PSYoungGen      total 211456K, used 208438K [0x00000000eaa80000, 0x00000000f8180000, 0x0000000100000000)
  eden space 202752K, 100% used [0x00000000eaa80000,0x00000000f7080000,0x00000000f7080000)
  from space 8704K, 65% used [0x00000000f7080000,0x00000000f760db08,0x00000000f7900000)
  to   space 8192K, 0% used [0x00000000f7980000,0x00000000f7980000,0x00000000f8180000)
 ParOldGen       total 64000K, used 22747K [0x00000000c0000000, 0x00000000c3e80000, 0x00000000eaa80000)
  object space 64000K, 35% used [0x00000000c0000000,0x00000000c1636da0,0x00000000c3e80000)
 PSPermGen       total 38400K, used 38091K [0x00000000b0000000, 0x00000000b2580000, 0x00000000c0000000)
  object space 38400K, 99% used [0x00000000b0000000,0x00000000b2532f58,0x00000000b2580000)
Event: 25.928 GC heap after
Heap after GC invocations=16 (full 0):
 PSYoungGen      total 210944K, used 8177K [0x00000000eaa80000, 0x00000000f8180000, 0x0000000100000000)
  eden space 202752K, 0% used [0x00000000eaa80000,0x00000000eaa80000,0x00000000f7080000)
  from space 8192K, 99% used [0x00000000f7980000,0x00000000f817c5e0,0x00000000f8180000)
  to   space 8704K, 0% used [0x00000000f7080000,0x00000000f7080000,0x00000000f7900000)
 ParOldGen       total 64000K, used 40617K [0x00000000c0000000, 0x00000000c3e80000, 0x00000000eaa80000)
  object space 64000K, 63% used [0x00000000c0000000,0x00000000c27aa6f8,0x00000000c3e80000)
 PSPermGen       total 38400K, used 38091K [0x00000000b0000000, 0x00000000b2580000, 0x00000000c0000000)
  object space 38400K, 99% used [0x00000000b0000000,0x00000000b2532f58,0x00000000b2580000)
}
Event: 29.884 GC heap before
{Heap before GC invocations=17 (full 0):
 PSYoungGen      total 210944K, used 135749K [0x00000000eaa80000, 0x00000000f8180000, 0x0000000100000000)
  eden space 202752K, 62% used [0x00000000eaa80000,0x00000000f2715048,0x00000000f7080000)
  from space 8192K, 99% used [0x00000000f7980000,0x00000000f817c5e0,0x00000000f8180000)
  to   space 8704K, 0% used [0x00000000f7080000,0x00000000f7080000,0x00000000f7900000)
 ParOldGen       total 64000K, used 40617K [0x00000000c0000000, 0x00000000c3e80000, 0x00000000eaa80000)
  object space 64000K, 63% used [0x00000000c0000000,0x00000000c27aa6f8,0x00000000c3e80000)
 PSPermGen       total 41984K, used 41868K [0x00000000b0000000, 0x00000000b2900000, 0x00000000c0000000)
  object space 41984K, 99% used [0x00000000b0000000,0x00000000b28e32e8,0x00000000b2900000)
Event: 29.940 GC heap after
Heap after GC invocations=17 (full 0):
 PSYoungGen      total 211456K, used 8699K [0x00000000eaa80000, 0x00000000f8180000, 0x0000000100000000)
  eden space 202752K, 0% used [0x00000000eaa80000,0x00000000eaa80000,0x00000000f7080000)
  from space 8704K, 99% used [0x00000000f7080000,0x00000000f78feea0,0x00000000f7900000)
  to   space 8192K, 0% used [0x00000000f7980000,0x00000000f7980000,0x00000000f8180000)
 ParOldGen       total 64000K, used 53588K [0x00000000c0000000, 0x00000000c3e80000, 0x00000000eaa80000)
  object space 64000K, 83% used [0x00000000c0000000,0x00000000c34552f0,0x00000000c3e80000)
 PSPermGen       total 41984K, used 41868K [0x00000000b0000000, 0x00000000b2900000, 0x00000000c0000000)
  object space 41984K, 99% used [0x00000000b0000000,0x00000000b28e32e8,0x00000000b2900000)
}
Event: 29.940 GC heap before
{Heap before GC invocations=18 (full 1):
 PSYoungGen      total 211456K, used 8699K [0x00000000eaa80000, 0x00000000f8180000, 0x0000000100000000)
  eden space 202752K, 0% used [0x00000000eaa80000,0x00000000eaa80000,0x00000000f7080000)
  from space 8704K, 99% used [0x00000000f7080000,0x00000000f78feea0,0x00000000f7900000)
  to   space 8192K, 0% used [0x00000000f7980000,0x00000000f7980000,0x00000000f8180000)
 ParOldGen       total 64000K, used 53588K [0x00000000c0000000, 0x00000000c3e80000, 0x00000000eaa80000)
  object space 64000K, 83% used [0x00000000c0000000,0x00000000c34552f0,0x00000000c3e80000)
 PSPermGen       total 41984K, used 41868K [0x00000000b0000000, 0x00000000b2900000, 0x00000000c0000000)
  object space 41984K, 99% used [0x00000000b0000000,0x00000000b28e32e8,0x00000000b2900000)
Event: 30.421 GC heap after
Heap after GC invocations=18 (full 1):
 PSYoungGen      total 211456K, used 0K [0x00000000eaa80000, 0x00000000f8180000, 0x0000000100000000)
  eden space 202752K, 0% used [0x00000000eaa80000,0x00000000eaa80000,0x00000000f7080000)
  from space 8704K, 0% used [0x00000000f7080000,0x00000000f7080000,0x00000000f7900000)
  to   space 8192K, 0% used [0x00000000f7980000,0x00000000f7980000,0x00000000f8180000)
 ParOldGen       total 64000K, used 51871K [0x00000000c0000000, 0x00000000c3e80000, 0x00000000eaa80000)
  object space 64000K, 81% used [0x00000000c0000000,0x00000000c32a7ed8,0x00000000c3e80000)
 PSPermGen       total 83968K, used 41694K [0x00000000b0000000, 0x00000000b5200000, 0x00000000c0000000)
  object space 83968K, 49% used [0x00000000b0000000,0x00000000b28b7888,0x00000000b5200000)
}

Deoptimization events (10 events):
Event: 37.455 Thread 0x000000000a8dd000 Uncommon trap: reason=unreached action=reinterpret pc=0x00000000022ff4a8 method=java.util.concurrent.locks.ReentrantLock$Sync.nonfairTryAcquire(I)Z @ 34
Event: 38.268 Thread 0x000000000a1a4000 Uncommon trap: reason=array_check action=maybe_recompile pc=0x00000000024d8d84 method=java.util.ComparableTimSort.binarySort([Ljava/lang/Object;III)V @ 193
Event: 38.269 Thread 0x000000000a1a4000 Uncommon trap: reason=array_check action=maybe_recompile pc=0x00000000025fc8c0 method=java.util.TimSort.binarySort([Ljava/lang/Object;IIILjava/util/Comparator;)V @ 215
Event: 38.269 Thread 0x000000000a1a4000 Uncommon trap: reason=array_check action=maybe_recompile pc=0x00000000025fc978 method=java.util.TimSort.binarySort([Ljava/lang/Object;IIILjava/util/Comparator;)V @ 193
Event: 38.338 Thread 0x000000000a1a4000 Uncommon trap: reason=array_check action=maybe_recompile pc=0x00000000024d8d84 method=java.util.ComparableTimSort.binarySort([Ljava/lang/Object;III)V @ 193
Event: 38.582 Thread 0x000000000a1a4000 Uncommon trap: reason=class_check action=maybe_recompile pc=0x000000000255ad78 method=org.gradle.api.internal.DefaultNamedDomainObjectCollection.findByNameWithoutRules(Ljava/lang/String;)Ljava/lang/Object; @ 4
Event: 38.582 Thread 0x000000000a1a4000 Uncommon trap: reason=class_check action=maybe_recompile pc=0x000000000255ad78 method=org.gradle.api.internal.DefaultNamedDomainObjectCollection.findByNameWithoutRules(Ljava/lang/String;)Ljava/lang/Object; @ 4
Event: 38.582 Thread 0x000000000a1a4000 Uncommon trap: reason=class_check action=maybe_recompile pc=0x000000000255ad78 method=org.gradle.api.internal.DefaultNamedDomainObjectCollection.findByNameWithoutRules(Ljava/lang/String;)Ljava/lang/Object; @ 4
Event: 38.582 Thread 0x000000000a1a4000 Uncommon trap: reason=class_check action=maybe_recompile pc=0x000000000255ad78 method=org.gradle.api.internal.DefaultNamedDomainObjectCollection.findByNameWithoutRules(Ljava/lang/String;)Ljava/lang/Object; @ 4
Event: 38.870 Thread 0x000000000a1a4000 Uncommon trap: reason=predicate action=maybe_recompile pc=0x0000000002470fc4 method=org.gradle.api.internal.DefaultNamedDomainObjectCollection.findByNameWithoutRules(Ljava/lang/String;)Ljava/lang/Object; @ 19

Internal exceptions (10 events):
Event: 40.404 Thread 0x000000000a1a4000 Threw 0x00000000eea1fc90 at C:\re\jdk7u79\2331\hotspot\src\share\vm\classfile\systemDictionary.cpp:185
Event: 40.405 Thread 0x000000000a1a4000 Threw 0x00000000eea23810 at C:\re\jdk7u79\2331\hotspot\src\share\vm\prims\jvm.cpp:1304
Event: 40.405 Thread 0x000000000a1a4000 Threw 0x00000000eea24e68 at C:\re\jdk7u79\2331\hotspot\src\share\vm\prims\jvm.cpp:1304
Event: 40.405 Thread 0x000000000a1a4000 Threw 0x00000000eea25848 at C:\re\jdk7u79\2331\hotspot\src\share\vm\prims\jvm.cpp:1304
Event: 40.405 Thread 0x000000000a1a4000 Threw 0x00000000eea261d8 at C:\re\jdk7u79\2331\hotspot\src\share\vm\prims\jvm.cpp:1304
Event: 40.405 Thread 0x000000000a1a4000 Threw 0x00000000eea2a958 at C:\re\jdk7u79\2331\hotspot\src\share\vm\prims\jvm.cpp:1304
Event: 40.405 Thread 0x000000000a1a4000 Threw 0x00000000eea2ad00 at C:\re\jdk7u79\2331\hotspot\src\share\vm\classfile\systemDictionary.cpp:185
Event: 40.436 Thread 0x000000000a1a4000 Threw 0x00000000eeb1c310 at C:\re\jdk7u79\2331\hotspot\src\share\vm\prims\jvm.cpp:1304
Event: 40.436 Thread 0x000000000a1a4000 Threw 0x00000000eeb1cfd8 at C:\re\jdk7u79\2331\hotspot\src\share\vm\prims\jvm.cpp:1304
Event: 40.436 Thread 0x000000000a1a4000 Threw 0x00000000eeb238f8 at C:\re\jdk7u79\2331\hotspot\src\share\vm\prims\jvm.cpp:1304

Events (10 events):
Event: 40.402 loading class 0x000000000b61ad80
Event: 40.402 loading class 0x000000000b61ad80 done
Event: 40.404 loading class 0x000000000b61ad80
Event: 40.404 loading class 0x000000000b61ad80 done
Event: 40.405 loading class 0x000000000b61b140
Event: 40.405 loading class 0x000000000b61b140 done
Event: 40.405 loading class 0x000000000b61b140
Event: 40.405 loading class 0x000000000b61b140 done
Event: 40.436 loading class 0x000000000b72a440
Event: 40.436 loading class 0x000000000b72a440 done


Dynamic libraries:
0x00007ff77c4f0000 - 0x00007ff77c523000 	C:\Program Files\Java\jdk1.7.0_79\bin\java.exe
0x00007ff9277e0000 - 0x00007ff92798c000 	C:\WINDOWS\SYSTEM32\ntdll.dll
0x00007ff927680000 - 0x00007ff9277be000 	C:\WINDOWS\system32\KERNEL32.DLL
0x00007ff924d40000 - 0x00007ff924e55000 	C:\WINDOWS\system32\KERNELBASE.dll
0x00007ff9234d0000 - 0x00007ff92355e000 	C:\WINDOWS\system32\apphelp.dll
0x00007ff90cfd0000 - 0x00007ff90d023000 	C:\WINDOWS\AppPatch\AppPatch64\AcGenral.DLL
0x00007ff925a30000 - 0x00007ff925ada000 	C:\WINDOWS\system32\msvcrt.dll
0x00007ff9246f0000 - 0x00007ff92471e000 	C:\WINDOWS\SYSTEM32\SspiCli.dll
0x00007ff925560000 - 0x00007ff9255b4000 	C:\WINDOWS\system32\SHLWAPI.dll
0x00007ff9255c0000 - 0x00007ff925737000 	C:\WINDOWS\system32\USER32.dll
0x00007ff9253c0000 - 0x00007ff925554000 	C:\WINDOWS\system32\ole32.dll
0x00007ff925ae0000 - 0x00007ff92700b000 	C:\WINDOWS\system32\SHELL32.dll
0x00007ff923ed0000 - 0x00007ff923ef1000 	C:\WINDOWS\SYSTEM32\USERENV.dll
0x00007ff9258b0000 - 0x00007ff92595a000 	C:\WINDOWS\system32\ADVAPI32.dll
0x00007ff91ad10000 - 0x00007ff91ad2e000 	C:\WINDOWS\SYSTEM32\MPR.dll
0x00007ff9274c0000 - 0x00007ff927601000 	C:\WINDOWS\system32\RPCRT4.dll
0x00007ff925300000 - 0x00007ff925359000 	C:\WINDOWS\SYSTEM32\sechost.dll
0x00007ff924f30000 - 0x00007ff925141000 	C:\WINDOWS\SYSTEM32\combase.dll
0x00007ff9270e0000 - 0x00007ff92722f000 	C:\WINDOWS\system32\GDI32.dll
0x00007ff924930000 - 0x00007ff924945000 	C:\WINDOWS\SYSTEM32\profapi.dll
0x00007ff923160000 - 0x00007ff923212000 	C:\WINDOWS\SYSTEM32\SHCORE.dll
0x00007ff927480000 - 0x00007ff9274b6000 	C:\WINDOWS\system32\IMM32.DLL
0x00007ff925750000 - 0x00007ff9258a2000 	C:\WINDOWS\system32\MSCTF.dll
0x00007ff922a60000 - 0x00007ff922cdb000 	C:\WINDOWS\WinSxS\amd64_microsoft.windows.common-controls_6595b64144ccf1df_6.0.9600.18006_none_623f33d3ecbe86e8\COMCTL32.dll
0x0000000052c00000 - 0x0000000052cd2000 	C:\Program Files\Java\jdk1.7.0_79\jre\bin\msvcr100.dll
0x0000000052e80000 - 0x0000000053655000 	C:\Program Files\Java\jdk1.7.0_79\jre\bin\server\jvm.dll
0x00007ff91cc20000 - 0x00007ff91cc29000 	C:\WINDOWS\SYSTEM32\WSOCK32.dll
0x00007ff9194b0000 - 0x00007ff9194d2000 	C:\WINDOWS\SYSTEM32\WINMM.dll
0x00007ff925a20000 - 0x00007ff925a27000 	C:\WINDOWS\system32\PSAPI.DLL
0x00007ff927610000 - 0x00007ff92766a000 	C:\WINDOWS\system32\WS2_32.dll
0x00007ff919480000 - 0x00007ff9194aa000 	C:\WINDOWS\SYSTEM32\WINMMBASE.dll
0x00007ff924f20000 - 0x00007ff924f29000 	C:\WINDOWS\system32\NSI.dll
0x00007ff924a60000 - 0x00007ff924aaf000 	C:\WINDOWS\SYSTEM32\cfgmgr32.dll
0x00007ff923730000 - 0x00007ff923758000 	C:\WINDOWS\SYSTEM32\DEVOBJ.dll
0x0000000054bd0000 - 0x0000000054bdf000 	C:\Program Files\Java\jdk1.7.0_79\jre\bin\verify.dll
0x0000000054ba0000 - 0x0000000054bc8000 	C:\Program Files\Java\jdk1.7.0_79\jre\bin\java.dll
0x0000000054b80000 - 0x0000000054b95000 	C:\Program Files\Java\jdk1.7.0_79\jre\bin\zip.dll
0x00000000539f0000 - 0x0000000053a0a000 	C:\Program Files\Java\jdk1.7.0_79\jre\bin\net.dll
0x00007ff924140000 - 0x00007ff924199000 	C:\WINDOWS\system32\mswsock.dll
0x00000000539d0000 - 0x00000000539e1000 	C:\Program Files\Java\jdk1.7.0_79\jre\bin\nio.dll
0x00007ff9241a0000 - 0x00007ff9241c0000 	C:\WINDOWS\SYSTEM32\CRYPTSP.dll
0x00007ff923dc0000 - 0x00007ff923df6000 	C:\WINDOWS\system32\rsaenh.dll
0x00007ff9243f0000 - 0x00007ff924416000 	C:\WINDOWS\SYSTEM32\bcrypt.dll
0x00007ff924730000 - 0x00007ff924793000 	C:\WINDOWS\system32\bcryptprimitives.dll
0x00007ff9248a0000 - 0x00007ff9248ab000 	C:\WINDOWS\SYSTEM32\CRYPTBASE.dll
0x00007ff91fe40000 - 0x00007ff91fe6a000 	C:\WINDOWS\SYSTEM32\IPHLPAPI.DLL
0x00007ff91fe10000 - 0x00007ff91fe1a000 	C:\WINDOWS\SYSTEM32\WINNSI.DLL
0x00007ff91f9d0000 - 0x00007ff91f9e6000 	C:\WINDOWS\SYSTEM32\dhcpcsvc6.DLL
0x00007ff91fae0000 - 0x00007ff91fafa000 	C:\WINDOWS\SYSTEM32\dhcpcsvc.DLL
0x00007ff91b0c0000 - 0x00007ff91b0d2000 	C:\Users\nithy_000\AppData\Local\Temp\native-platform6018371459324273247dir\native-platform.dll

VM Arguments:
jvm_args: -XX:MaxPermSize=256m -XX:+HeapDumpOnOutOfMemoryError -Xmx1024m -Dfile.encoding=windows-1252 -Duser.country=IN -Duser.language=en -Duser.variant 
java_command: org.gradle.launcher.daemon.bootstrap.GradleDaemon 2.2.1 C:\Users\nithy_000\.gradle\daemon 10800000 aa63d97a-992c-4263-8fb3-e23a4c7a33c8 -XX:MaxPermSize=256m -XX:+HeapDumpOnOutOfMemoryError -Xmx1024m -Dfile.encoding=windows-1252 -Duser.country=IN -Duser.language=en -Duser.variant
Launcher Type: SUN_STANDARD

Environment Variables:
PATH=C:\Program Files (x86)\Intel\iCLS Client\;C:\Program Files\Intel\iCLS Client\;C:\WINDOWS\system32;C:\WINDOWS;C:\WINDOWS\System32\Wbem;C:\WINDOWS\System32\WindowsPowerShell\v1.0\;C:\Program Files (x86)\Intel\OpenCL SDK\2.0\bin\x86;C:\Program Files (x86)\Intel\OpenCL SDK\2.0\bin\x64;C:\Program Files\Intel\Intel(R) Management Engine Components\DAL;C:\Program Files\Intel\Intel(R) Management Engine Components\IPT;C:\Program Files (x86)\Intel\Intel(R) Management Engine Components\DAL;C:\Program Files (x86)\Intel\Intel(R) Management Engine Components\IPT;C:\Program Files\Sony\VAIO Improvement\;C:\Program Files (x86)\Sony\VAIO Startup Setting Tool;C:\Program Files\Microsoft\Web Platform Installer\;C:\Program Files (x86)\Microsoft ASP.NET\ASP.NET Web Pages\v1.0\;C:\Program Files\Microsoft SQL Server\110\Tools\Binn\
USERNAME=nithy_000
OS=Windows_NT
PROCESSOR_IDENTIFIER=Intel64 Family 6 Model 58 Stepping 9, GenuineIntel



---------------  S Y S T E M  ---------------

OS: Windows 8.1 , 64 bit Build 9600 

CPU:total 4 (2 cores per cpu, 2 threads per core) family 6 model 58 stepping 9, cmov, cx8, fxsr, mmx, sse, sse2, sse3, ssse3, sse4.1, sse4.2, popcnt, avx, erms, ht, tsc, tscinvbit, tscinv

Memory: 4k page, physical 6167832k(641352k free), swap 25042200k(7848k free)

vm_info: Java HotSpot(TM) 64-Bit Server VM (24.79-b02) for windows-amd64 JRE (1.7.0_79-b15), built on Apr 10 2015 12:36:16 by "java_re" with unknown MS VC++:1600

time: Wed Jan 27 17:39:55 2016
elapsed time: 41 seconds

